<?xml version="1.0" encoding="UTF-8"?>
<!-- Generated by org.testng.reporters.JUnitReportReporter -->
<testsuite hostname="DESKTOP-1BLE9HI" failures="0" tests="3" name="com.Guru99.TestCases.LoginPageTest" time="2.656" errors="0" timestamp="2024-12-18T18:19:03 IST" skipped="0">
  <testcase classname="com.Guru99.TestCases.LoginPageTest" name="testfunctions" time="0.270"/>
  <testcase classname="com.Guru99.TestCases.LoginPageTest" name="submit" time="2.345"/>
  <testcase classname="com.Guru99.TestCases.LoginPageTest" name="statuscke" time="0.041"/>
</testsuite> <!-- com.Guru99.TestCases.LoginPageTest -->
