<?xml version="1.0" encoding="UTF-8"?>
<!-- Generated by org.testng.reporters.JUnitReportReporter -->
<testsuite hostname="DESKTOP-1BLE9HI" failures="0" tests="5" name="com.Guru99.TestCases.RegisterPageTest" time="12.784" errors="0" timestamp="2024-12-19T19:25:27 IST" skipped="0">
  <testcase classname="com.Guru99.TestCases.RegisterPageTest" name="ContactInformation_Test" time="1.638"/>
  <testcase classname="com.Guru99.TestCases.RegisterPageTest" name="MailingInformation_Test" time="0.437"/>
  <testcase classname="com.Guru99.TestCases.RegisterPageTest" name="countrydropdown_Test" time="8.234"/>
  <testcase classname="com.Guru99.TestCases.RegisterPageTest" name="UserInformation" time="0.348"/>
  <testcase classname="com.Guru99.TestCases.RegisterPageTest" name="submitbutton" time="2.127"/>
  <system-out>
    <![CDATA[Log: Login page is open
Log:Login is completed with valid data set]]>
  </system-out>
</testsuite> <!-- com.Guru99.TestCases.RegisterPageTest -->
