<?xml version="1.0" encoding="UTF-8"?>
<!-- Generated by org.testng.reporters.JUnitReportReporter -->
<testsuite hostname="DESKTOP-1BLE9HI" failures="0" tests="2" name="com.SwagLabs.TestCases.OverviewPageTest" time="0.645" errors="0" timestamp="2024-12-12T08:45:45 IST" skipped="0">
  <testcase classname="com.SwagLabs.TestCases.OverviewPageTest" name="verifySummary" time="0.348"/>
  <testcase classname="com.SwagLabs.TestCases.OverviewPageTest" name="verifyOverview" time="0.297"/>
  <system-out>
    <![CDATA[Log: Driver session is created
Log: Apllication is open
Log: Login page is open
Log:Login is completed with valid data set]]>
  </system-out>
</testsuite> <!-- com.SwagLabs.TestCases.OverviewPageTest -->
